Failed URL: https://www.treatwell.de/ort/alexander | Status Code: 404 | Salon Name: Alexander
Failed URL: https://www.treatwell.de/ort/diamond | Status Code: 404 | Salon Name: Diamond
Failed URL: https://www.treatwell.de/ort/diamond-2 | Status Code: 404 | Salon Name: Diamond
Failed URL: https://www.treatwell.de/ort/haargalerie | Status Code: 500 | Salon Name: Haargalerie
Failed URL: https://www.treatwell.de/ort/haargalerie-2 | Status Code: 404 | Salon Name: Haargalerie
Failed URL: https://www.treatwell.de/ort/house-of-fade-berlin | Status Code: 500 | Salon Name: House of Fade Berlin
Failed URL: https://www.treatwell.de/ort/house-of-fade-berlin-2 | Status Code: 404 | Salon Name: House of Fade Berlin
Failed URL: https://www.treatwell.de/ort/jb-jaafar-s-barber | Status Code: 404 | Salon Name: JB Jaafar‘s Barber
Failed URL: https://www.treatwell.de/ort/jb-jaafar-s-barber-2 | Status Code: 404 | Salon Name: JB Jaafar‘s Barber
Failed URL: https://www.treatwell.de/ort/shapes | Status Code: 404 | Salon Name: shapes
Failed URL: https://www.treatwell.de/ort/shapes-2 | Status Code: 404 | Salon Name: shapes
Failed URL: https://www.treatwell.de/ort/style-and-beauty | Status Code: 404 | Salon Name: Style and Beauty
Failed URL: https://www.treatwell.de/ort/style-and-beauty-2 | Status Code: 404 | Salon Name: Style and Beauty
Failed URL: https://www.treatwell.de/ort/musti-s-magic-mens | Status Code: 404 | Salon Name: Musti‘s Magic Mens
Failed URL: https://www.treatwell.de/ort/musti-s-magic-mens-2 | Status Code: 404 | Salon Name: Musti‘s Magic Mens
Failed URL: https://www.treatwell.de/ort/keratinprof_bln | Status Code: 404 | Salon Name: Keratinprof_bln
Failed URL: https://www.treatwell.de/ort/keratinprof_bln-2 | Status Code: 404 | Salon Name: Keratinprof_bln
Failed URL: https://www.treatwell.de/ort/estilo | Status Code: 404 | Salon Name: Estilo
Failed URL: https://www.treatwell.de/ort/estilo-2 | Status Code: 404 | Salon Name: Estilo
Failed URL: https://www.treatwell.de/ort/dodo’s-blow-dry-bar | Status Code: 500 | Salon Name: dodo’s BLOW DRY BAR
Failed URL: https://www.treatwell.de/ort/dodo’s-blow-dry-bar-2 | Status Code: 500 | Salon Name: dodo’s BLOW DRY BAR
Failed URL: https://www.treatwell.de/ort/estilo | Status Code: 404 | Salon Name: Estilo
Failed URL: https://www.treatwell.de/ort/estilo-2 | Status Code: 404 | Salon Name: Estilo
Failed URL: https://www.treatwell.de/ort/musti-s-magic-mens | Status Code: 404 | Salon Name: Musti‘s Magic Mens
Failed URL: https://www.treatwell.de/ort/musti-s-magic-mens-2 | Status Code: 404 | Salon Name: Musti‘s Magic Mens
Failed URL: https://www.treatwell.de/ort/the-difference | Status Code: 404 | Salon Name: The Difference
Failed URL: https://www.treatwell.de/ort/the-difference-2 | Status Code: 404 | Salon Name: The Difference
Failed URL: https://www.treatwell.de/ort/aymen’s-barbershop | Status Code: 500 | Salon Name: Aymen’s Barbershop
Failed URL: https://www.treatwell.de/ort/aymen’s-barbershop-2 | Status Code: 500 | Salon Name: Aymen’s Barbershop
Failed URL: https://www.treatwell.de/ort/aymen’s-barbershop-1 | Status Code: 500 | Salon Name: Aymen’s Barbershop
Failed URL: https://www.treatwell.de/ort/the-dirty-hairy-s-barbershop-moxy-s | Status Code: 500 | Salon Name: The Dirty Hairy's Barbershop @ Moxy's
Failed URL: https://www.treatwell.de/ort/rené-anthony-eymann | Status Code: 404 | Salon Name: René Anthony Eymann
Failed URL: https://www.treatwell.de/ort/rené-anthony-eymann-2 | Status Code: 404 | Salon Name: René Anthony Eymann
Failed URL: https://www.treatwell.de/ort/rené-anthony-eymann-1 | Status Code: 404 | Salon Name: René Anthony Eymann
Failed URL: https://www.treatwell.de/ort/salon-marco-dupré-friseur-frankfurt-innenstadt | Status Code: 404 | Salon Name: Salon Marco Dupré | Friseur Frankfurt Innenstadt
Failed URL: https://www.treatwell.de/ort/salon-marco-dupré-friseur-frankfurt-innenstadt-2 | Status Code: 404 | Salon Name: Salon Marco Dupré | Friseur Frankfurt Innenstadt
Failed URL: https://www.treatwell.de/ort/salon-marco-dupré-friseur-frankfurt-innenstadt-1 | Status Code: 404 | Salon Name: Salon Marco Dupré | Friseur Frankfurt Innenstadt
Failed URL: https://www.treatwell.de/ort/aymen’s-barbershop | Status Code: 500 | Salon Name: Aymen’s Barbershop
Failed URL: https://www.treatwell.de/ort/aymen’s-barbershop-2 | Status Code: 500 | Salon Name: Aymen’s Barbershop
Failed URL: https://www.treatwell.de/ort/aymen’s-barbershop-1 | Status Code: 500 | Salon Name: Aymen’s Barbershop
Failed URL: https://www.treatwell.de/ort/the-dirty-hairy-s-barbershop-moxy-s | Status Code: 500 | Salon Name: The Dirty Hairy's Barbershop @ Moxy's
Failed URL: https://www.treatwell.de/ort/o-hair | Status Code: 404 | Salon Name: O‘HAIR
Failed URL: https://www.treatwell.de/ort/o-hair-2 | Status Code: 404 | Salon Name: O‘HAIR
Failed URL: https://www.treatwell.de/ort/o-hair-1 | Status Code: 404 | Salon Name: O‘HAIR
